[05:00:50] [ServerMain/INFO]: Environment: Environment[sessionHost=https://sessionserver.mojang.com, servicesHost=https://api.minecraftservices.com, name=PROD]
[05:00:54] [ServerMain/INFO]: Loaded 1174 recipes
[05:00:54] [ServerMain/INFO]: Loaded 1271 advancements
[05:00:54] [Server thread/INFO]: Starting minecraft server version 1.20.4
[05:00:54] [Server thread/INFO]: Loading properties
[05:00:54] [Server thread/INFO]: This server is running Paper version git-Paper-497 (MC: 1.20.4) (Implementing API version 1.20.4-R0.1-SNAPSHOT) (Git: d8d54d9 on ver/1.20.4)
[05:00:55] [Server thread/INFO]: Server Ping Player Sample Count: 12
[05:00:55] [Server thread/INFO]: Using 4 threads for Netty based IO
[05:00:56] [Server thread/WARN]: [!] The timings profiler has been enabled but has been scheduled for removal from Paper in the future.
    We recommend installing the spark profiler as a replacement: https://spark.lucko.me/
    For more information please visit: https://github.com/PaperMC/Paper/issues/8948
[05:00:56] [Server thread/INFO]: [ChunkTaskScheduler] Chunk system is using 1 I/O threads, 1 worker threads, and gen parallelism of 1 threads
[05:00:57] [Server thread/INFO]: Default game type: SURVIVAL
[05:00:57] [Server thread/INFO]: Generating keypair
[05:00:57] [Server thread/INFO]: Starting Minecraft server on *:25565
[05:00:57] [Server thread/INFO]: Using epoll channel type
[05:00:57] [Server thread/INFO]: Paper: Using libdeflate (Linux x86_64) compression from Velocity.
[05:00:57] [Server thread/INFO]: Paper: Using OpenSSL 3.0.x (Linux x86_64) cipher from Velocity.
[05:00:58] [Server thread/INFO]: [ViaVersion] Loading server plugin ViaVersion v5.10.0
[05:00:58] [Server thread/INFO]: [ViaVersion] ViaVersion 5.10.0 is now loaded. Registering protocol transformers and injecting...
[05:00:59] [Via-Mappingloader-1/INFO]: [ViaVersion] Loading block connection mappings ...
[05:01:00] [Server thread/INFO]: Server permissions file permissions.yml is empty, ignoring it
[05:01:00] [Server thread/WARN]: **** SERVER IS RUNNING IN OFFLINE/INSECURE MODE!
[05:01:00] [Server thread/WARN]: The server will make no attempt to authenticate usernames. Beware.
[05:01:00] [Server thread/WARN]: While this makes the game possible to play without internet access, it also opens up the ability for hackers to connect with any username they choose.
[05:01:00] [Server thread/WARN]: To change this, set "online-mode" to "true" in the server.properties file.
[05:01:00] [Server thread/INFO]: Preparing level "world"
[05:01:01] [Server thread/INFO]: Preparing start region for dimension minecraft:overworld
[05:01:01] [Server thread/INFO]: Time elapsed: 860 ms
[05:01:01] [Server thread/INFO]: Preparing start region for dimension minecraft:the_nether
[05:01:02] [Server thread/INFO]: Time elapsed: 179 ms
[05:01:02] [Server thread/INFO]: Preparing start region for dimension minecraft:the_end
[05:01:04] [Server thread/INFO]: Time elapsed: 1917 ms
[05:01:04] [Server thread/INFO]: [ViaVersion] Enabling ViaVersion v5.10.0
[05:01:04] [Server thread/INFO]: [ViaVersion] ViaVersion detected server version: 1.20.3-1.20.4 (765)
[05:01:04] [Server thread/INFO]: Running delayed init tasks
[05:01:04] [Server thread/INFO]: Done (9.964s)! For help, type "help"
[05:01:04] [Server thread/INFO]: Timings Reset
[05:01:04] [Craft Scheduler Thread - 2 - ViaVersion/INFO]: [ViaVersion] Finished mapping loading, shutting down loader executor.
[05:03:14] [Server thread/INFO]: Stopping server
[05:03:14] [Server thread/INFO]: [ViaVersion] Disabling ViaVersion v5.10.0
[05:03:14] [Server thread/INFO]: [ViaVersion] ViaVersion has been disabled; uninjected the platform and shut down the scheduler.
[05:03:14] [Server thread/INFO]: Saving players
[05:03:14] [Server thread/INFO]: Saving worlds
[05:03:14] [Server thread/INFO]: Saving chunks for level 'ServerLevel[world]'/minecraft:overworld
[05:03:14] [Server thread/INFO]: [ChunkHolderManager] Waiting 60s for chunk system to halt for world 'world'
[05:03:14] [Server thread/INFO]: [ChunkHolderManager] Halted chunk system for world 'world'
[05:03:14] [Server thread/INFO]: [ChunkHolderManager] Saving all chunkholders for world 'world'
[05:03:18] [Server thread/INFO]: [ChunkHolderManager] Saved 529 block chunks, 529 entity chunks, 0 poi chunks in world 'world' in 4.36s
[05:03:19] [Server thread/INFO]: ThreadedAnvilChunkStorage (world): All chunks are saved
[05:03:19] [Server thread/INFO]: Saving chunks for level 'ServerLevel[world_nether]'/minecraft:the_nether
[05:03:19] [Server thread/INFO]: [ChunkHolderManager] Waiting 60s for chunk system to halt for world 'world_nether'
[05:03:19] [Server thread/INFO]: [ChunkHolderManager] Halted chunk system for world 'world_nether'
[05:03:19] [Server thread/INFO]: [ChunkHolderManager] Saving all chunkholders for world 'world_nether'
[05:03:20] [Server thread/INFO]: [ChunkHolderManager] Saved 529 block chunks, 529 entity chunks, 0 poi chunks in world 'world_nether' in 1.80s
[05:03:20] [Server thread/INFO]: ThreadedAnvilChunkStorage (DIM-1): All chunks are saved
[05:03:20] [Server thread/INFO]: Saving chunks for level 'ServerLevel[world_the_end]'/minecraft:the_end
[05:03:20] [Server thread/INFO]: [ChunkHolderManager] Waiting 60s for chunk system to halt for world 'world_the_end'
[05:03:20] [Server thread/INFO]: [ChunkHolderManager] Halted chunk system for world 'world_the_end'
[05:03:20] [Server thread/INFO]: [ChunkHolderManager] Saving all chunkholders for world 'world_the_end'
[05:03:21] [Server thread/INFO]: [ChunkHolderManager] Saved 529 block chunks, 529 entity chunks, 0 poi chunks in world 'world_the_end' in 0.73s
[05:03:21] [Server thread/INFO]: ThreadedAnvilChunkStorage (DIM1): All chunks are saved
[05:03:21] [Server thread/INFO]: ThreadedAnvilChunkStorage: All dimensions are saved
[05:03:21] [Server thread/INFO]: Flushing Chunk IO
[05:03:21] [Server thread/INFO]: Closing Thread Pool
[05:03:21] [Server thread/INFO]: Closing Server
